<?xml version="1.0" encoding="UTF-8"?>
<testng-results skipped="0" failed="0" total="2" passed="2">
  <reporter-output>
  </reporter-output>
  <suite name="Suite" duration-ms="493" started-at="2016-08-31T13:25:20Z" finished-at="2016-08-31T13:25:20Z">
    <groups>
    </groups>
    <test name="Test" duration-ms="493" started-at="2016-08-31T13:25:20Z" finished-at="2016-08-31T13:25:20Z">
      <class name="zbwx.test.h5.testcases.TestLogin">
        <test-method status="PASS" signature="login_success()[pri:0, instance:zbwx.test.h5.testcases.TestLogin@1ef7fe8e]" name="login_success" duration-ms="462" started-at="2016-08-31T21:25:20Z" finished-at="2016-08-31T21:25:20Z">
          <reporter-output>
          </reporter-output>
        </test-method> <!-- login_success -->
        <test-method status="PASS" signature="login_with_incorrect_pwd()[pri:0, instance:zbwx.test.h5.testcases.TestLogin@1ef7fe8e]" name="login_with_incorrect_pwd" duration-ms="19" started-at="2016-08-31T21:25:20Z" finished-at="2016-08-31T21:25:20Z">
          <reporter-output>
          </reporter-output>
        </test-method> <!-- login_with_incorrect_pwd -->
      </class> <!-- zbwx.test.h5.testcases.TestLogin -->
    </test> <!-- Test -->
  </suite> <!-- Suite -->
</testng-results>
